Arguments: 
  /usr/local/Cellar/node/9.6.1/bin/node /usr/local/Cellar/yarn/1.5.1/libexec/bin/yarn.js start

PATH: 
  /usr/local/bin:/usr/bin:/bin:/usr/sbin:/sbin:/usr/local/go/bin:/usr/local/MacGPG2/bin

Yarn version: 
  1.5.1

Node version: 
  11.8.0

Platform: 
  darwin x64

npm manifest: 
  {
    "name": "redux-websocket-example",
    "version": "1.0.0",
    "description": "An example using WebSockets inside a Redux-powered JavaScript app",
    "main": "index.js",
    "scripts": {
      "test": "echo \"Error: no test specified\" && exit 1",
      "prepare": "cpy 'app/src/index.html' app/dist",
      "start": "npm run prepare && npm run dev",
      "dev": "HOT=1 webpack-dev-server --devtool eval --progress --colors --content-base app/dist/",
      "hot": "HOT=1 node server.js",
      "build_app": "BUILD_APP=1 webpack ./app/src/js/app.js"
    },
    "dependencies": {
      "cpy": "^7.0.1",
      "object-assign": "^2.1.1",
      "react": "^0.13.3",
      "react-redux": "^2.0.0",
      "react-router": "^0.13.3",
      "redux": "^2.0.0",
      "redux-thunk": "^0.1.0"
    },
    "devDependencies": {
      "babel-core": "^5.6.7",
      "babel-loader": "^5.1.4",
      "babel-runtime": "^5.6.7",
      "react-hot-loader": "^1.3.0",
      "redux-devtools": "^2.0.0",
      "webpack": "^1.9.12",
      "webpack-dev-server": "^1.9.0"
    },
    "repository": {
      "type": "git",
      "url": "git+https://github.com/YannickDot/redux-websocket-example.git"
    },
    "keywords": [
      "Redux"
    ],
    "author": "YannickDot",
    "license": "MIT",
    "bugs": {
      "url": "https://github.com/YannickDot/redux-websocket-example/issues"
    },
    "homepage": "https://github.com/YannickDot/redux-websocket-example#readme"
  }

yarn manifest: 
  No manifest

Lockfile: 
  No lockfile

Trace: 
  Error: Command failed.
  Exit code: 1
  Command: sh
  Arguments: -c npm run prepare && npm run dev
  Directory: /Users/grofers-mcpro/env/redux-websocket-example
  Output:
  
      at ProcessTermError.MessageError (/usr/local/Cellar/yarn/1.5.1/libexec/lib/cli.js:186:110)
      at new ProcessTermError (/usr/local/Cellar/yarn/1.5.1/libexec/lib/cli.js:226:113)
      at ChildProcess.<anonymous> (/usr/local/Cellar/yarn/1.5.1/libexec/lib/cli.js:30281:17)
      at ChildProcess.emit (events.js:197:13)
      at maybeClose (internal/child_process.js:978:16)
      at Process.ChildProcess._handle.onexit (internal/child_process.js:265:5)
